c:\users\马林\desktop\remote\remote\remote\debug\remote.pch
c:\users\马林\desktop\remote\remote\remote\debug\vc140.pdb
c:\users\马林\desktop\remote\remote\remote\debug\vc140.idb
c:\users\马林\desktop\remote\remote\remote\debug\stdafx.obj
c:\users\马林\desktop\remote\remote\remote\debug\buffer.obj
c:\users\马林\desktop\remote\remote\remote\debug\builddlg.obj
c:\users\马林\desktop\remote\remote\remote\debug\cpuusage.obj
c:\users\马林\desktop\remote\remote\remote\debug\editdialog.obj
c:\users\马林\desktop\remote\remote\remote\debug\filecompress.obj
c:\users\马林\desktop\remote\remote\remote\debug\filemanagerdlg.obj
c:\users\马林\desktop\remote\remote\remote\debug\filetransfermodedlg.obj
c:\users\马林\desktop\remote\remote\remote\debug\inifile.obj
c:\users\马林\desktop\remote\remote\remote\debug\iocpserver.obj
c:\users\马林\desktop\remote\remote\remote\debug\registerdlg.obj
c:\users\马林\desktop\remote\remote\remote\debug\remote.obj
c:\users\马林\desktop\remote\remote\remote\debug\remotedlg.obj
c:\users\马林\desktop\remote\remote\remote\debug\screenspydlg.obj
c:\users\马林\desktop\remote\remote\remote\debug\servicesdlg.obj
c:\users\马林\desktop\remote\remote\remote\debug\settingdlg.obj
c:\users\马林\desktop\remote\remote\remote\debug\shelldlg.obj
c:\users\马林\desktop\remote\remote\remote\debug\systemdlg.obj
c:\users\马林\desktop\remote\remote\remote\debug\talkdlg.obj
c:\users\马林\desktop\remote\remote\remote\debug\truecolortoolbar.obj
c:\users\马林\desktop\remote\remote\remote\debug\videodlg.obj
c:\users\马林\desktop\remote\remote\remote\debug\audio.obj
c:\users\马林\desktop\remote\remote\remote\debug\audiodlg.obj
c:\users\马林\desktop\remote\remote\debug\remote.ilk
c:\users\马林\desktop\remote\remote\debug\remote.exe
c:\users\马林\desktop\remote\remote\debug\remote.pdb
c:\users\马林\desktop\remote\remote\remote\debug\remote.res
c:\users\马林\desktop\remote\remote\remote\debug\remote.tlog\cl.command.1.tlog
c:\users\马林\desktop\remote\remote\remote\debug\remote.tlog\cl.read.1.tlog
c:\users\马林\desktop\remote\remote\remote\debug\remote.tlog\cl.write.1.tlog
c:\users\马林\desktop\remote\remote\remote\debug\remote.tlog\link.command.1.tlog
c:\users\马林\desktop\remote\remote\remote\debug\remote.tlog\link.read.1.tlog
c:\users\马林\desktop\remote\remote\remote\debug\remote.tlog\link.write.1.tlog
c:\users\马林\desktop\remote\remote\remote\debug\remote.tlog\rc.command.1.tlog
c:\users\马林\desktop\remote\remote\remote\debug\remote.tlog\rc.read.1.tlog
c:\users\马林\desktop\remote\remote\remote\debug\remote.tlog\rc.write.1.tlog
