c:\users\马林\desktop\remote\remoteclient\remoteclientdll\debug\remoteclientdll.pch
c:\users\马林\desktop\remote\remoteclient\remoteclientdll\debug\vc140.pdb
c:\users\马林\desktop\remote\remoteclient\remoteclientdll\debug\vc140.idb
c:\users\马林\desktop\remote\remoteclient\remoteclientdll\debug\stdafx.obj
c:\users\马林\desktop\remote\remoteclient\remoteclientdll\debug\audiomanager.obj
c:\users\马林\desktop\remote\remoteclient\remoteclientdll\debug\buffer.obj
c:\users\马林\desktop\remote\remoteclient\remoteclientdll\debug\common.obj
c:\users\马林\desktop\remote\remoteclient\remoteclientdll\debug\cursorinfor.obj
c:\users\马林\desktop\remote\remoteclient\remoteclientdll\debug\filemanager.obj
c:\users\马林\desktop\remote\remoteclient\remoteclientdll\debug\iocpclient.obj
c:\users\马林\desktop\remote\remoteclient\remoteclientdll\debug\kernelmanager.obj
c:\users\马林\desktop\remote\remoteclient\remoteclientdll\debug\loginserver.obj
c:\users\马林\desktop\remote\remoteclient\remoteclientdll\debug\manager.obj
c:\users\马林\desktop\remote\remoteclient\remoteclientdll\debug\registermanager.obj
c:\users\马林\desktop\remote\remoteclient\remoteclientdll\debug\registeroperation.obj
c:\users\马林\desktop\remote\remoteclient\remoteclientdll\debug\remoteclientdll.obj
c:\users\马林\desktop\remote\remoteclient\remoteclientdll\debug\samplegrabbercb.obj
c:\users\马林\desktop\remote\remoteclient\remoteclientdll\debug\screenmanager.obj
c:\users\马林\desktop\remote\remoteclient\remoteclientdll\debug\screenspy.obj
c:\users\马林\desktop\remote\remoteclient\remoteclientdll\debug\servicesmanager.obj
c:\users\马林\desktop\remote\remoteclient\remoteclientdll\debug\shellmanager.obj
c:\users\马林\desktop\remote\remoteclient\remoteclientdll\debug\systemmanager.obj
c:\users\马林\desktop\remote\remoteclient\remoteclientdll\debug\talkmanager.obj
c:\users\马林\desktop\remote\remoteclient\remoteclientdll\debug\videomanager.obj
c:\users\马林\desktop\remote\remoteclient\remoteclientdll\debug\audio.obj
c:\users\马林\desktop\remote\remoteclient\remoteclientdll\debug\dllmain.obj
c:\users\马林\desktop\remote\remoteclient\debug\remoteclientdll.ilk
c:\users\马林\desktop\remote\remoteclient\debug\remoteclientdll.dll
c:\users\马林\desktop\remote\remoteclient\debug\remoteclientdll.pdb
c:\users\马林\desktop\remote\remoteclient\remoteclientdll\debug\remoteclientdll.res
c:\users\马林\desktop\remote\remoteclient\debug\remoteclientdll.lib
c:\users\马林\desktop\remote\remoteclient\debug\remoteclientdll.exp
c:\users\马林\desktop\remote\remoteclient\remoteclientdll\debug\remoteclientdll.tlog\cl.command.1.tlog
c:\users\马林\desktop\remote\remoteclient\remoteclientdll\debug\remoteclientdll.tlog\cl.read.1.tlog
c:\users\马林\desktop\remote\remoteclient\remoteclientdll\debug\remoteclientdll.tlog\cl.write.1.tlog
c:\users\马林\desktop\remote\remoteclient\remoteclientdll\debug\remoteclientdll.tlog\link.command.1.tlog
c:\users\马林\desktop\remote\remoteclient\remoteclientdll\debug\remoteclientdll.tlog\link.read.1.tlog
c:\users\马林\desktop\remote\remoteclient\remoteclientdll\debug\remoteclientdll.tlog\link.write.1.tlog
c:\users\马林\desktop\remote\remoteclient\remoteclientdll\debug\remoteclientdll.tlog\rc.command.1.tlog
c:\users\马林\desktop\remote\remoteclient\remoteclientdll\debug\remoteclientdll.tlog\rc.read.1.tlog
c:\users\马林\desktop\remote\remoteclient\remoteclientdll\debug\remoteclientdll.tlog\rc.write.1.tlog
c:\users\马林\desktop\remote\remoteclient\remoteclientdll\debug\remoteclientdll.tlog\remoteclientdll.write.1u.tlog
